composewithrepository/build/intermediates/manifest_merge_blame_file/debug/manifest-merger-blame-debug-report.txt
1<?xml version="1.0" encoding="utf-8"?>
2<!--
3  ~ Copyright (c) 2021 Razeware LLC
4  ~
5  ~ Permission is hereby granted, free of charge, to any person obtaining a copy
6  ~ of this software and associated documentation files (the "Software"), to deal
7  ~ in the Software without restriction, including without limitation the rights
8  ~ to use, copy, modify, merge, publish, distribute, sublicense, and/or sell
9  ~ copies of the Software, and to permit persons to whom the Software is
10  ~ furnished to do so, subject to the following conditions:
11  ~
12  ~ The above copyright notice and this permission notice shall be included in
13  ~ all copies or substantial portions of the Software.
14  ~
15  ~ Notwithstanding the foregoing, you may not use, copy, modify, merge, publish,
16  ~ distribute, sublicense, create a derivative work, and/or sell copies of the
17  ~ Software in any work that is designed, intended, or marketed for pedagogical or
18  ~ instructional purposes related to programming, coding, application development,
19  ~ or information technology.  Permission for such use, copying, modification,
20  ~ merger, publication, distribution, sublicensing, creation of derivative works,
21  ~ or sale is expressly withheld.
22  ~
23  ~ This project and source code may use libraries or frameworks that are
24  ~ released under various Open-Source licenses. Use of those libraries and
25  ~ frameworks are governed by their own individual licenses.
26  ~
27  ~ THE SOFTWARE IS PROVIDED "AS IS", WITHOUT WARRANTY OF ANY KIND, EXPRESS OR
28  ~ IMPLIED, INCLUDING BUT NOT LIMITED TO THE WARRANTIES OF MERCHANTABILITY,
29  ~ FITNESS FOR A PARTICULAR PURPOSE AND NONINFRINGEMENT. IN NO EVENT SHALL THE
30  ~ AUTHORS OR COPYRIGHT HOLDERS BE LIABLE FOR ANY CLAIM, DAMAGES OR OTHER
31  ~ LIABILITY, WHETHER IN AN ACTION OF CONTRACT, TORT OR OTHERWISE, ARISING FROM,
32  ~ OUT OF OR IN CONNECTION WITH THE SOFTWARE OR THE USE OR OTHER DEALINGS IN
33  ~ THE SOFTWARE.
34-->
35<manifest xmlns:android="http://schemas.android.com/apk/res/android"
36    package="com.raywenderlich.android.words" >
37
38    <uses-sdk
39        android:minSdkVersion="21"
39-->src/main/AndroidManifest.xml
40        android:targetSdkVersion="31" />
40-->src/main/AndroidManifest.xml
41
42    <uses-permission android:name="android.permission.INTERNET" />
42-->src/main/AndroidManifest.xml:39:3-65
42-->src/main/AndroidManifest.xml:39:20-62
43
44    <application
44-->src/main/AndroidManifest.xml:41:3-57:17
45        android:name="com.raywenderlich.android.words.WordsApp"
45-->src/main/AndroidManifest.xml:42:5-29
46        android:icon="@mipmap/ic_launcher"
46-->src/main/AndroidManifest.xml:43:5-39
47        android:label="@string/app_name"
47-->src/main/AndroidManifest.xml:44:5-37
48        android:supportsRtl="true" >
48-->src/main/AndroidManifest.xml:45:5-31
49        <activity
49-->src/main/AndroidManifest.xml:46:5-56:16
50            android:name="com.raywenderlich.android.words.MainActivity"
50-->src/main/AndroidManifest.xml:47:7-34
51            android:exported="true"
51-->src/main/AndroidManifest.xml:48:7-30
52            android:label="@string/app_name"
52-->src/main/AndroidManifest.xml:49:7-39
53            android:theme="@style/Theme.AppCompat.DayNight.NoActionBar" >
53-->src/main/AndroidManifest.xml:50:7-66
54            <intent-filter>
54-->src/main/AndroidManifest.xml:51:7-55:23
55                <action android:name="android.intent.action.MAIN" />
55-->src/main/AndroidManifest.xml:52:9-61
55-->src/main/AndroidManifest.xml:52:17-58
56
57                <category android:name="android.intent.category.LAUNCHER" />
57-->src/main/AndroidManifest.xml:54:9-69
57-->src/main/AndroidManifest.xml:54:19-66
58            </intent-filter>
59        </activity>
60    </application>
61
62</manifest>